2025-11-25 12:54:57 - services.logging_service - INFO - Logging configured. Logs are written to: /Users/gridavyv/HRVibe/hrbive_1.0/users_data/logs/manager_bot_logs/manager_bot_20251125_125457.log
2025-11-25 12:54:57 - services.logging_service - INFO - Log rotation: max size 20.0MB, keeping 20 backup files
2025-11-25 12:54:57 - __main__ - INFO - Telegram Bot for Managers is running
2025-11-25 12:54:57 - services.data_service - DEBUG - /Users/gridavyv/HRVibe/hrbive_1.0/users_data/records.json already exists.
2025-11-25 12:54:57 - asyncio - DEBUG - Using selector: KqueueSelector
2025-11-25 12:54:57 - telegram.ext.ExtBot - DEBUG - Set Bot API URL: https://api.telegram.org/bot7268023187:AAFK4fyaizMzqyTT27MNRqiW1WMTaF7Q7vs
2025-11-25 12:54:57 - telegram.ext.ExtBot - DEBUG - Set Bot API File URL: https://api.telegram.org/file/bot7268023187:AAFK4fyaizMzqyTT27MNRqiW1WMTaF7Q7vs
2025-11-25 12:54:57 - task_queue - INFO - Task queue worker started
2025-11-25 12:54:57 - __main__ - INFO - Task queue worker to process AI related tasks is started.
2025-11-25 12:54:57 - task_queue - INFO - Task queue worker started
2025-11-25 12:54:57 - telegram.ext.ExtBot - DEBUG - Calling Bot API endpoint `getMe` with parameters `{}`
2025-11-25 12:54:57 - httpcore.connection - DEBUG - connect_tcp.started host='api.telegram.org' port=443 local_address=None timeout=5.0 socket_options=None
2025-11-25 12:54:57 - httpcore.connection - DEBUG - connect_tcp.complete return_value=<httpcore._backends.anyio.AnyIOStream object at 0x10c05f380>
2025-11-25 12:54:57 - httpcore.connection - DEBUG - start_tls.started ssl_context=<ssl.SSLContext object at 0x10c04e5d0> server_hostname='api.telegram.org' timeout=5.0
2025-11-25 12:54:57 - httpcore.connection - DEBUG - start_tls.complete return_value=<httpcore._backends.anyio.AnyIOStream object at 0x10c052c10>
2025-11-25 12:54:57 - httpcore.http11 - DEBUG - send_request_headers.started request=<Request [b'POST']>
2025-11-25 12:54:57 - httpcore.http11 - DEBUG - send_request_headers.complete
2025-11-25 12:54:57 - httpcore.http11 - DEBUG - send_request_body.started request=<Request [b'POST']>
2025-11-25 12:54:57 - httpcore.http11 - DEBUG - send_request_body.complete
2025-11-25 12:54:57 - httpcore.http11 - DEBUG - receive_response_headers.started request=<Request [b'POST']>
2025-11-25 12:55:00 - httpcore.http11 - DEBUG - receive_response_headers.complete return_value=(b'HTTP/1.1', 200, b'OK', [(b'Server', b'nginx/1.18.0'), (b'Date', b'Tue, 25 Nov 2025 09:55:00 GMT'), (b'Content-Type', b'application/json'), (b'Content-Length', b'259'), (b'Connection', b'keep-alive'), (b'Strict-Transport-Security', b'max-age=31536000; includeSubDomains; preload'), (b'Access-Control-Allow-Origin', b'*'), (b'Access-Control-Allow-Methods', b'GET, POST, OPTIONS'), (b'Access-Control-Expose-Headers', b'Content-Length,Content-Type,Date,Server,Connection')])
2025-11-25 12:55:00 - httpx - INFO - HTTP Request: POST https://api.telegram.org/bot7268023187:AAFK4fyaizMzqyTT27MNRqiW1WMTaF7Q7vs/getMe "HTTP/1.1 200 OK"
2025-11-25 12:55:00 - httpcore.http11 - DEBUG - receive_response_body.started request=<Request [b'POST']>
2025-11-25 12:55:00 - httpcore.http11 - DEBUG - receive_response_body.complete
2025-11-25 12:55:00 - httpcore.http11 - DEBUG - response_closed.started
2025-11-25 12:55:00 - httpcore.http11 - DEBUG - response_closed.complete
2025-11-25 12:55:00 - telegram.ext.ExtBot - DEBUG - Call to Bot API endpoint `getMe` finished with return value `{'id': 7268023187, 'is_bot': True, 'first_name': 'HRVibeManager', 'username': 'HRVibeManagerBot', 'can_join_groups': True, 'can_read_all_group_messages': False, 'supports_inline_queries': False, 'can_connect_to_business': False, 'has_main_web_app': False}`
2025-11-25 12:55:00 - telegram.ext.ExtBot - DEBUG - This Bot is already initialized.
2025-11-25 12:55:00 - telegram.ext.Application - INFO - Application started
2025-11-25 12:55:00 - telegram.ext.Updater - DEBUG - Updater started (polling)
2025-11-25 12:55:00 - telegram.ext - DEBUG - Network Retry Loop (Bootstrap delete Webhook): Starting
2025-11-25 12:55:00 - telegram.ext.Updater - DEBUG - Deleting webhook
2025-11-25 12:55:00 - telegram.ext.ExtBot - DEBUG - Calling Bot API endpoint `deleteWebhook` with parameters `{}`
2025-11-25 12:55:00 - httpcore.http11 - DEBUG - send_request_headers.started request=<Request [b'POST']>
2025-11-25 12:55:00 - httpcore.http11 - DEBUG - send_request_headers.complete
2025-11-25 12:55:00 - httpcore.http11 - DEBUG - send_request_body.started request=<Request [b'POST']>
2025-11-25 12:55:00 - httpcore.http11 - DEBUG - send_request_body.complete
2025-11-25 12:55:00 - httpcore.http11 - DEBUG - receive_response_headers.started request=<Request [b'POST']>
2025-11-25 12:55:00 - httpcore.http11 - DEBUG - receive_response_headers.complete return_value=(b'HTTP/1.1', 200, b'OK', [(b'Server', b'nginx/1.18.0'), (b'Date', b'Tue, 25 Nov 2025 09:55:00 GMT'), (b'Content-Type', b'application/json'), (b'Content-Length', b'68'), (b'Connection', b'keep-alive'), (b'Strict-Transport-Security', b'max-age=31536000; includeSubDomains; preload'), (b'Access-Control-Allow-Origin', b'*'), (b'Access-Control-Allow-Methods', b'GET, POST, OPTIONS'), (b'Access-Control-Expose-Headers', b'Content-Length,Content-Type,Date,Server,Connection')])
2025-11-25 12:55:00 - httpx - INFO - HTTP Request: POST https://api.telegram.org/bot7268023187:AAFK4fyaizMzqyTT27MNRqiW1WMTaF7Q7vs/deleteWebhook "HTTP/1.1 200 OK"
2025-11-25 12:55:00 - httpcore.http11 - DEBUG - receive_response_body.started request=<Request [b'POST']>
2025-11-25 12:55:00 - httpcore.http11 - DEBUG - receive_response_body.complete
2025-11-25 12:55:00 - httpcore.http11 - DEBUG - response_closed.started
2025-11-25 12:55:00 - httpcore.http11 - DEBUG - response_closed.complete
2025-11-25 12:55:00 - telegram.ext.ExtBot - DEBUG - Call to Bot API endpoint `deleteWebhook` finished with return value `True`
2025-11-25 12:55:00 - telegram.ext - DEBUG - Network Retry Loop (Bootstrap delete Webhook): Action succeeded. Stopping loop.
2025-11-25 12:55:00 - telegram.ext.Updater - DEBUG - Bootstrap done
2025-11-25 12:55:00 - telegram.ext.Updater - DEBUG - Waiting for polling to start
2025-11-25 12:55:00 - telegram.ext.Updater - DEBUG - Polling updates from Telegram started
2025-11-25 12:55:00 - __main__ - INFO - Bot is now polling for updates. Press Ctrl+C to stop.
2025-11-25 12:55:00 - telegram.ext - DEBUG - Network Retry Loop (Polling Updates): Starting
2025-11-25 12:55:00 - telegram.ext.ExtBot - DEBUG - Calling Bot API endpoint `getUpdates` with parameters `{'timeout': datetime.timedelta(seconds=10), 'offset': 0}`
2025-11-25 12:55:00 - httpcore.connection - DEBUG - connect_tcp.started host='api.telegram.org' port=443 local_address=None timeout=5.0 socket_options=None
2025-11-25 12:55:00 - httpcore.connection - DEBUG - connect_tcp.complete return_value=<httpcore._backends.anyio.AnyIOStream object at 0x10c0b8190>
2025-11-25 12:55:00 - httpcore.connection - DEBUG - start_tls.started ssl_context=<ssl.SSLContext object at 0x10c04e670> server_hostname='api.telegram.org' timeout=5.0
2025-11-25 12:55:00 - httpcore.connection - DEBUG - start_tls.complete return_value=<httpcore._backends.anyio.AnyIOStream object at 0x10c00e060>
2025-11-25 12:55:00 - httpcore.http11 - DEBUG - send_request_headers.started request=<Request [b'POST']>
2025-11-25 12:55:00 - httpcore.http11 - DEBUG - send_request_headers.complete
2025-11-25 12:55:00 - httpcore.http11 - DEBUG - send_request_body.started request=<Request [b'POST']>
2025-11-25 12:55:00 - httpcore.http11 - DEBUG - send_request_body.complete
2025-11-25 12:55:00 - httpcore.http11 - DEBUG - receive_response_headers.started request=<Request [b'POST']>
2025-11-25 12:55:10 - httpcore.http11 - DEBUG - receive_response_headers.complete return_value=(b'HTTP/1.1', 200, b'OK', [(b'Server', b'nginx/1.18.0'), (b'Date', b'Tue, 25 Nov 2025 09:55:10 GMT'), (b'Content-Type', b'application/json'), (b'Content-Length', b'23'), (b'Connection', b'keep-alive'), (b'Strict-Transport-Security', b'max-age=31536000; includeSubDomains; preload'), (b'Access-Control-Allow-Origin', b'*'), (b'Access-Control-Allow-Methods', b'GET, POST, OPTIONS'), (b'Access-Control-Expose-Headers', b'Content-Length,Content-Type,Date,Server,Connection')])
2025-11-25 12:55:10 - httpx - INFO - HTTP Request: POST https://api.telegram.org/bot7268023187:AAFK4fyaizMzqyTT27MNRqiW1WMTaF7Q7vs/getUpdates "HTTP/1.1 200 OK"
2025-11-25 12:55:10 - httpcore.http11 - DEBUG - receive_response_body.started request=<Request [b'POST']>
2025-11-25 12:55:10 - httpcore.http11 - DEBUG - receive_response_body.complete
2025-11-25 12:55:10 - httpcore.http11 - DEBUG - response_closed.started
2025-11-25 12:55:10 - httpcore.http11 - DEBUG - response_closed.complete
2025-11-25 12:55:10 - telegram.ext.ExtBot - DEBUG - Call to Bot API endpoint `getUpdates` finished with return value `[]`
2025-11-25 12:55:10 - telegram.ext.ExtBot - DEBUG - No new updates found.
2025-11-25 12:55:10 - telegram.ext.ExtBot - DEBUG - Calling Bot API endpoint `getUpdates` with parameters `{'timeout': datetime.timedelta(seconds=10), 'offset': 0}`
2025-11-25 12:55:10 - httpcore.http11 - DEBUG - send_request_headers.started request=<Request [b'POST']>
2025-11-25 12:55:10 - httpcore.http11 - DEBUG - send_request_headers.complete
2025-11-25 12:55:10 - httpcore.http11 - DEBUG - send_request_body.started request=<Request [b'POST']>
2025-11-25 12:55:10 - httpcore.http11 - DEBUG - send_request_body.complete
2025-11-25 12:55:10 - httpcore.http11 - DEBUG - receive_response_headers.started request=<Request [b'POST']>
2025-11-25 12:55:13 - __main__ - INFO - 
Application is shutting down gracefully...
