2025-11-25 17:02:03 - services.logging_service - INFO - Logging configured. Logs are written to: /Users/gridavyv/HRVibe/hrbive_1.0/users_data/logs/applicant_bot_logs/applicant_bot_20251125_170203.log
2025-11-25 17:02:03 - services.logging_service - INFO - Log rotation: max size 20.0MB, keeping 20 backup files
2025-11-25 17:02:03 - __main__ - INFO - Telegram Bot for Managers is running
2025-11-25 17:02:03 - services.data_service - DEBUG - /Users/gridavyv/HRVibe/hrbive_1.0/users_data/applicant_bot_data created or exists.
2025-11-25 17:02:03 - services.data_service - DEBUG - /Users/gridavyv/HRVibe/hrbive_1.0/users_data/applicant_bot_data/applicant_bot_records.json already exists.
2025-11-25 17:02:03 - asyncio - DEBUG - Using selector: KqueueSelector
2025-11-25 17:02:03 - telegram.ext.ExtBot - DEBUG - Set Bot API URL: https://api.telegram.org/bot8390337133:AAFUD2L3ny7kWSGNeWm-2-WvDh5BdsMNXdY
2025-11-25 17:02:03 - telegram.ext.ExtBot - DEBUG - Set Bot API File URL: https://api.telegram.org/file/bot8390337133:AAFUD2L3ny7kWSGNeWm-2-WvDh5BdsMNXdY
2025-11-25 17:02:03 - telegram.ext.ExtBot - DEBUG - Calling Bot API endpoint `getMe` with parameters `{}`
2025-11-25 17:02:03 - httpcore.connection - DEBUG - connect_tcp.started host='api.telegram.org' port=443 local_address=None timeout=5.0 socket_options=None
2025-11-25 17:02:04 - httpcore.connection - DEBUG - connect_tcp.complete return_value=<httpcore._backends.anyio.AnyIOStream object at 0x105082510>
2025-11-25 17:02:04 - httpcore.connection - DEBUG - start_tls.started ssl_context=<ssl.SSLContext object at 0x1050402d0> server_hostname='api.telegram.org' timeout=5.0
2025-11-25 17:02:04 - httpcore.connection - DEBUG - start_tls.complete return_value=<httpcore._backends.anyio.AnyIOStream object at 0x105071a90>
2025-11-25 17:02:04 - httpcore.http11 - DEBUG - send_request_headers.started request=<Request [b'POST']>
2025-11-25 17:02:04 - httpcore.http11 - DEBUG - send_request_headers.complete
2025-11-25 17:02:04 - httpcore.http11 - DEBUG - send_request_body.started request=<Request [b'POST']>
2025-11-25 17:02:04 - httpcore.http11 - DEBUG - send_request_body.complete
2025-11-25 17:02:04 - httpcore.http11 - DEBUG - receive_response_headers.started request=<Request [b'POST']>
2025-11-25 17:02:04 - httpcore.http11 - DEBUG - receive_response_headers.complete return_value=(b'HTTP/1.1', 200, b'OK', [(b'Server', b'nginx/1.18.0'), (b'Date', b'Tue, 25 Nov 2025 14:02:04 GMT'), (b'Content-Type', b'application/json'), (b'Content-Length', b'263'), (b'Connection', b'keep-alive'), (b'Strict-Transport-Security', b'max-age=31536000; includeSubDomains; preload'), (b'Access-Control-Allow-Origin', b'*'), (b'Access-Control-Allow-Methods', b'GET, POST, OPTIONS'), (b'Access-Control-Expose-Headers', b'Content-Length,Content-Type,Date,Server,Connection')])
2025-11-25 17:02:04 - httpx - INFO - HTTP Request: POST https://api.telegram.org/bot8390337133:AAFUD2L3ny7kWSGNeWm-2-WvDh5BdsMNXdY/getMe "HTTP/1.1 200 OK"
2025-11-25 17:02:04 - httpcore.http11 - DEBUG - receive_response_body.started request=<Request [b'POST']>
2025-11-25 17:02:04 - httpcore.http11 - DEBUG - receive_response_body.complete
2025-11-25 17:02:04 - httpcore.http11 - DEBUG - response_closed.started
2025-11-25 17:02:04 - httpcore.http11 - DEBUG - response_closed.complete
2025-11-25 17:02:04 - telegram.ext.ExtBot - DEBUG - Call to Bot API endpoint `getMe` finished with return value `{'id': 8390337133, 'is_bot': True, 'first_name': 'HRVibeApplicant', 'username': 'HRVibeApplicantBot', 'can_join_groups': True, 'can_read_all_group_messages': False, 'supports_inline_queries': False, 'can_connect_to_business': False, 'has_main_web_app': False}`
2025-11-25 17:02:04 - telegram.ext.ExtBot - DEBUG - This Bot is already initialized.
2025-11-25 17:02:04 - telegram.ext.Application - INFO - Application started
2025-11-25 17:02:04 - telegram.ext.Updater - DEBUG - Updater started (polling)
2025-11-25 17:02:04 - telegram.ext - DEBUG - Network Retry Loop (Bootstrap delete Webhook): Starting
2025-11-25 17:02:04 - telegram.ext.Updater - DEBUG - Deleting webhook
2025-11-25 17:02:04 - telegram.ext.ExtBot - DEBUG - Calling Bot API endpoint `deleteWebhook` with parameters `{}`
2025-11-25 17:02:04 - httpcore.http11 - DEBUG - send_request_headers.started request=<Request [b'POST']>
2025-11-25 17:02:04 - httpcore.http11 - DEBUG - send_request_headers.complete
2025-11-25 17:02:04 - httpcore.http11 - DEBUG - send_request_body.started request=<Request [b'POST']>
2025-11-25 17:02:04 - httpcore.http11 - DEBUG - send_request_body.complete
2025-11-25 17:02:04 - httpcore.http11 - DEBUG - receive_response_headers.started request=<Request [b'POST']>
2025-11-25 17:02:04 - httpcore.http11 - DEBUG - receive_response_headers.complete return_value=(b'HTTP/1.1', 200, b'OK', [(b'Server', b'nginx/1.18.0'), (b'Date', b'Tue, 25 Nov 2025 14:02:04 GMT'), (b'Content-Type', b'application/json'), (b'Content-Length', b'68'), (b'Connection', b'keep-alive'), (b'Strict-Transport-Security', b'max-age=31536000; includeSubDomains; preload'), (b'Access-Control-Allow-Origin', b'*'), (b'Access-Control-Allow-Methods', b'GET, POST, OPTIONS'), (b'Access-Control-Expose-Headers', b'Content-Length,Content-Type,Date,Server,Connection')])
2025-11-25 17:02:04 - httpx - INFO - HTTP Request: POST https://api.telegram.org/bot8390337133:AAFUD2L3ny7kWSGNeWm-2-WvDh5BdsMNXdY/deleteWebhook "HTTP/1.1 200 OK"
2025-11-25 17:02:04 - httpcore.http11 - DEBUG - receive_response_body.started request=<Request [b'POST']>
2025-11-25 17:02:04 - httpcore.http11 - DEBUG - receive_response_body.complete
2025-11-25 17:02:04 - httpcore.http11 - DEBUG - response_closed.started
2025-11-25 17:02:04 - httpcore.http11 - DEBUG - response_closed.complete
2025-11-25 17:02:04 - telegram.ext.ExtBot - DEBUG - Call to Bot API endpoint `deleteWebhook` finished with return value `True`
2025-11-25 17:02:04 - telegram.ext - DEBUG - Network Retry Loop (Bootstrap delete Webhook): Action succeeded. Stopping loop.
2025-11-25 17:02:04 - telegram.ext.Updater - DEBUG - Bootstrap done
2025-11-25 17:02:04 - telegram.ext.Updater - DEBUG - Waiting for polling to start
2025-11-25 17:02:04 - telegram.ext.Updater - DEBUG - Polling updates from Telegram started
2025-11-25 17:02:04 - __main__ - INFO - Bot is now polling for updates. Press Ctrl+C to stop.
2025-11-25 17:02:04 - telegram.ext - DEBUG - Network Retry Loop (Polling Updates): Starting
2025-11-25 17:02:04 - telegram.ext.ExtBot - DEBUG - Calling Bot API endpoint `getUpdates` with parameters `{'timeout': datetime.timedelta(seconds=10), 'offset': 0}`
2025-11-25 17:02:04 - httpcore.connection - DEBUG - connect_tcp.started host='api.telegram.org' port=443 local_address=None timeout=5.0 socket_options=None
2025-11-25 17:02:04 - httpcore.connection - DEBUG - connect_tcp.complete return_value=<httpcore._backends.anyio.AnyIOStream object at 0x1050f5810>
2025-11-25 17:02:04 - httpcore.connection - DEBUG - start_tls.started ssl_context=<ssl.SSLContext object at 0x105040370> server_hostname='api.telegram.org' timeout=5.0
2025-11-25 17:02:04 - httpcore.connection - DEBUG - start_tls.complete return_value=<httpcore._backends.anyio.AnyIOStream object at 0x1050ac9d0>
2025-11-25 17:02:04 - httpcore.http11 - DEBUG - send_request_headers.started request=<Request [b'POST']>
2025-11-25 17:02:04 - httpcore.http11 - DEBUG - send_request_headers.complete
2025-11-25 17:02:04 - httpcore.http11 - DEBUG - send_request_body.started request=<Request [b'POST']>
2025-11-25 17:02:04 - httpcore.http11 - DEBUG - send_request_body.complete
2025-11-25 17:02:04 - httpcore.http11 - DEBUG - receive_response_headers.started request=<Request [b'POST']>
2025-11-25 17:02:14 - httpcore.http11 - DEBUG - receive_response_headers.complete return_value=(b'HTTP/1.1', 200, b'OK', [(b'Server', b'nginx/1.18.0'), (b'Date', b'Tue, 25 Nov 2025 14:02:14 GMT'), (b'Content-Type', b'application/json'), (b'Content-Length', b'23'), (b'Connection', b'keep-alive'), (b'Strict-Transport-Security', b'max-age=31536000; includeSubDomains; preload'), (b'Access-Control-Allow-Origin', b'*'), (b'Access-Control-Allow-Methods', b'GET, POST, OPTIONS'), (b'Access-Control-Expose-Headers', b'Content-Length,Content-Type,Date,Server,Connection')])
2025-11-25 17:02:14 - httpx - INFO - HTTP Request: POST https://api.telegram.org/bot8390337133:AAFUD2L3ny7kWSGNeWm-2-WvDh5BdsMNXdY/getUpdates "HTTP/1.1 200 OK"
2025-11-25 17:02:14 - httpcore.http11 - DEBUG - receive_response_body.started request=<Request [b'POST']>
2025-11-25 17:02:14 - httpcore.http11 - DEBUG - receive_response_body.complete
2025-11-25 17:02:14 - httpcore.http11 - DEBUG - response_closed.started
2025-11-25 17:02:14 - httpcore.http11 - DEBUG - response_closed.complete
2025-11-25 17:02:14 - telegram.ext.ExtBot - DEBUG - Call to Bot API endpoint `getUpdates` finished with return value `[]`
2025-11-25 17:02:14 - telegram.ext.ExtBot - DEBUG - No new updates found.
2025-11-25 17:02:14 - telegram.ext.ExtBot - DEBUG - Calling Bot API endpoint `getUpdates` with parameters `{'timeout': datetime.timedelta(seconds=10), 'offset': 0}`
2025-11-25 17:02:14 - httpcore.http11 - DEBUG - send_request_headers.started request=<Request [b'POST']>
2025-11-25 17:02:14 - httpcore.http11 - DEBUG - send_request_headers.complete
2025-11-25 17:02:14 - httpcore.http11 - DEBUG - send_request_body.started request=<Request [b'POST']>
2025-11-25 17:02:14 - httpcore.http11 - DEBUG - send_request_body.complete
2025-11-25 17:02:14 - httpcore.http11 - DEBUG - receive_response_headers.started request=<Request [b'POST']>
2025-11-25 17:02:24 - httpcore.http11 - DEBUG - receive_response_headers.complete return_value=(b'HTTP/1.1', 200, b'OK', [(b'Server', b'nginx/1.18.0'), (b'Date', b'Tue, 25 Nov 2025 14:02:24 GMT'), (b'Content-Type', b'application/json'), (b'Content-Length', b'23'), (b'Connection', b'keep-alive'), (b'Strict-Transport-Security', b'max-age=31536000; includeSubDomains; preload'), (b'Access-Control-Allow-Origin', b'*'), (b'Access-Control-Allow-Methods', b'GET, POST, OPTIONS'), (b'Access-Control-Expose-Headers', b'Content-Length,Content-Type,Date,Server,Connection')])
2025-11-25 17:02:24 - httpx - INFO - HTTP Request: POST https://api.telegram.org/bot8390337133:AAFUD2L3ny7kWSGNeWm-2-WvDh5BdsMNXdY/getUpdates "HTTP/1.1 200 OK"
2025-11-25 17:02:24 - httpcore.http11 - DEBUG - receive_response_body.started request=<Request [b'POST']>
2025-11-25 17:02:24 - httpcore.http11 - DEBUG - receive_response_body.complete
2025-11-25 17:02:24 - httpcore.http11 - DEBUG - response_closed.started
2025-11-25 17:02:24 - httpcore.http11 - DEBUG - response_closed.complete
2025-11-25 17:02:24 - telegram.ext.ExtBot - DEBUG - Call to Bot API endpoint `getUpdates` finished with return value `[]`
2025-11-25 17:02:24 - telegram.ext.ExtBot - DEBUG - No new updates found.
2025-11-25 17:02:24 - telegram.ext.ExtBot - DEBUG - Calling Bot API endpoint `getUpdates` with parameters `{'timeout': datetime.timedelta(seconds=10), 'offset': 0}`
2025-11-25 17:02:24 - httpcore.http11 - DEBUG - send_request_headers.started request=<Request [b'POST']>
2025-11-25 17:02:24 - httpcore.http11 - DEBUG - send_request_headers.complete
2025-11-25 17:02:24 - httpcore.http11 - DEBUG - send_request_body.started request=<Request [b'POST']>
2025-11-25 17:02:24 - httpcore.http11 - DEBUG - send_request_body.complete
2025-11-25 17:02:24 - httpcore.http11 - DEBUG - receive_response_headers.started request=<Request [b'POST']>
2025-11-25 17:02:34 - httpcore.http11 - DEBUG - receive_response_headers.complete return_value=(b'HTTP/1.1', 200, b'OK', [(b'Server', b'nginx/1.18.0'), (b'Date', b'Tue, 25 Nov 2025 14:02:35 GMT'), (b'Content-Type', b'application/json'), (b'Content-Length', b'23'), (b'Connection', b'keep-alive'), (b'Strict-Transport-Security', b'max-age=31536000; includeSubDomains; preload'), (b'Access-Control-Allow-Origin', b'*'), (b'Access-Control-Allow-Methods', b'GET, POST, OPTIONS'), (b'Access-Control-Expose-Headers', b'Content-Length,Content-Type,Date,Server,Connection')])
2025-11-25 17:02:34 - httpx - INFO - HTTP Request: POST https://api.telegram.org/bot8390337133:AAFUD2L3ny7kWSGNeWm-2-WvDh5BdsMNXdY/getUpdates "HTTP/1.1 200 OK"
2025-11-25 17:02:34 - httpcore.http11 - DEBUG - receive_response_body.started request=<Request [b'POST']>
2025-11-25 17:02:34 - httpcore.http11 - DEBUG - receive_response_body.complete
2025-11-25 17:02:34 - httpcore.http11 - DEBUG - response_closed.started
2025-11-25 17:02:34 - httpcore.http11 - DEBUG - response_closed.complete
2025-11-25 17:02:34 - telegram.ext.ExtBot - DEBUG - Call to Bot API endpoint `getUpdates` finished with return value `[]`
2025-11-25 17:02:34 - telegram.ext.ExtBot - DEBUG - No new updates found.
2025-11-25 17:02:34 - telegram.ext.ExtBot - DEBUG - Calling Bot API endpoint `getUpdates` with parameters `{'timeout': datetime.timedelta(seconds=10), 'offset': 0}`
2025-11-25 17:02:34 - httpcore.http11 - DEBUG - send_request_headers.started request=<Request [b'POST']>
2025-11-25 17:02:34 - httpcore.http11 - DEBUG - send_request_headers.complete
2025-11-25 17:02:34 - httpcore.http11 - DEBUG - send_request_body.started request=<Request [b'POST']>
2025-11-25 17:02:34 - httpcore.http11 - DEBUG - send_request_body.complete
2025-11-25 17:02:34 - httpcore.http11 - DEBUG - receive_response_headers.started request=<Request [b'POST']>
2025-11-25 17:02:45 - httpcore.http11 - DEBUG - receive_response_headers.complete return_value=(b'HTTP/1.1', 200, b'OK', [(b'Server', b'nginx/1.18.0'), (b'Date', b'Tue, 25 Nov 2025 14:02:45 GMT'), (b'Content-Type', b'application/json'), (b'Content-Length', b'23'), (b'Connection', b'keep-alive'), (b'Strict-Transport-Security', b'max-age=31536000; includeSubDomains; preload'), (b'Access-Control-Allow-Origin', b'*'), (b'Access-Control-Allow-Methods', b'GET, POST, OPTIONS'), (b'Access-Control-Expose-Headers', b'Content-Length,Content-Type,Date,Server,Connection')])
2025-11-25 17:02:45 - httpx - INFO - HTTP Request: POST https://api.telegram.org/bot8390337133:AAFUD2L3ny7kWSGNeWm-2-WvDh5BdsMNXdY/getUpdates "HTTP/1.1 200 OK"
2025-11-25 17:02:45 - httpcore.http11 - DEBUG - receive_response_body.started request=<Request [b'POST']>
2025-11-25 17:02:45 - httpcore.http11 - DEBUG - receive_response_body.complete
2025-11-25 17:02:45 - httpcore.http11 - DEBUG - response_closed.started
2025-11-25 17:02:45 - httpcore.http11 - DEBUG - response_closed.complete
2025-11-25 17:02:45 - telegram.ext.ExtBot - DEBUG - Call to Bot API endpoint `getUpdates` finished with return value `[]`
2025-11-25 17:02:45 - telegram.ext.ExtBot - DEBUG - No new updates found.
2025-11-25 17:02:45 - telegram.ext.ExtBot - DEBUG - Calling Bot API endpoint `getUpdates` with parameters `{'timeout': datetime.timedelta(seconds=10), 'offset': 0}`
2025-11-25 17:02:45 - httpcore.http11 - DEBUG - send_request_headers.started request=<Request [b'POST']>
2025-11-25 17:02:45 - httpcore.http11 - DEBUG - send_request_headers.complete
2025-11-25 17:02:45 - httpcore.http11 - DEBUG - send_request_body.started request=<Request [b'POST']>
2025-11-25 17:02:45 - httpcore.http11 - DEBUG - send_request_body.complete
2025-11-25 17:02:45 - httpcore.http11 - DEBUG - receive_response_headers.started request=<Request [b'POST']>
2025-11-25 17:02:55 - httpcore.http11 - DEBUG - receive_response_headers.complete return_value=(b'HTTP/1.1', 200, b'OK', [(b'Server', b'nginx/1.18.0'), (b'Date', b'Tue, 25 Nov 2025 14:02:55 GMT'), (b'Content-Type', b'application/json'), (b'Content-Length', b'23'), (b'Connection', b'keep-alive'), (b'Strict-Transport-Security', b'max-age=31536000; includeSubDomains; preload'), (b'Access-Control-Allow-Origin', b'*'), (b'Access-Control-Allow-Methods', b'GET, POST, OPTIONS'), (b'Access-Control-Expose-Headers', b'Content-Length,Content-Type,Date,Server,Connection')])
2025-11-25 17:02:55 - httpx - INFO - HTTP Request: POST https://api.telegram.org/bot8390337133:AAFUD2L3ny7kWSGNeWm-2-WvDh5BdsMNXdY/getUpdates "HTTP/1.1 200 OK"
2025-11-25 17:02:55 - httpcore.http11 - DEBUG - receive_response_body.started request=<Request [b'POST']>
2025-11-25 17:02:55 - httpcore.http11 - DEBUG - receive_response_body.complete
2025-11-25 17:02:55 - httpcore.http11 - DEBUG - response_closed.started
2025-11-25 17:02:55 - httpcore.http11 - DEBUG - response_closed.complete
2025-11-25 17:02:55 - telegram.ext.ExtBot - DEBUG - Call to Bot API endpoint `getUpdates` finished with return value `[]`
2025-11-25 17:02:55 - telegram.ext.ExtBot - DEBUG - No new updates found.
2025-11-25 17:02:55 - telegram.ext.ExtBot - DEBUG - Calling Bot API endpoint `getUpdates` with parameters `{'timeout': datetime.timedelta(seconds=10), 'offset': 0}`
2025-11-25 17:02:55 - httpcore.http11 - DEBUG - send_request_headers.started request=<Request [b'POST']>
2025-11-25 17:02:55 - httpcore.http11 - DEBUG - send_request_headers.complete
2025-11-25 17:02:55 - httpcore.http11 - DEBUG - send_request_body.started request=<Request [b'POST']>
2025-11-25 17:02:55 - httpcore.http11 - DEBUG - send_request_body.complete
2025-11-25 17:02:55 - httpcore.http11 - DEBUG - receive_response_headers.started request=<Request [b'POST']>
2025-11-25 17:03:05 - httpcore.http11 - DEBUG - receive_response_headers.complete return_value=(b'HTTP/1.1', 200, b'OK', [(b'Server', b'nginx/1.18.0'), (b'Date', b'Tue, 25 Nov 2025 14:03:05 GMT'), (b'Content-Type', b'application/json'), (b'Content-Length', b'23'), (b'Connection', b'keep-alive'), (b'Strict-Transport-Security', b'max-age=31536000; includeSubDomains; preload'), (b'Access-Control-Allow-Origin', b'*'), (b'Access-Control-Allow-Methods', b'GET, POST, OPTIONS'), (b'Access-Control-Expose-Headers', b'Content-Length,Content-Type,Date,Server,Connection')])
2025-11-25 17:03:05 - httpx - INFO - HTTP Request: POST https://api.telegram.org/bot8390337133:AAFUD2L3ny7kWSGNeWm-2-WvDh5BdsMNXdY/getUpdates "HTTP/1.1 200 OK"
2025-11-25 17:03:05 - httpcore.http11 - DEBUG - receive_response_body.started request=<Request [b'POST']>
2025-11-25 17:03:05 - httpcore.http11 - DEBUG - receive_response_body.complete
2025-11-25 17:03:05 - httpcore.http11 - DEBUG - response_closed.started
2025-11-25 17:03:05 - httpcore.http11 - DEBUG - response_closed.complete
2025-11-25 17:03:05 - telegram.ext.ExtBot - DEBUG - Call to Bot API endpoint `getUpdates` finished with return value `[]`
2025-11-25 17:03:05 - telegram.ext.ExtBot - DEBUG - No new updates found.
2025-11-25 17:03:05 - telegram.ext.ExtBot - DEBUG - Calling Bot API endpoint `getUpdates` with parameters `{'timeout': datetime.timedelta(seconds=10), 'offset': 0}`
2025-11-25 17:03:05 - httpcore.http11 - DEBUG - send_request_headers.started request=<Request [b'POST']>
2025-11-25 17:03:05 - httpcore.http11 - DEBUG - send_request_headers.complete
2025-11-25 17:03:05 - httpcore.http11 - DEBUG - send_request_body.started request=<Request [b'POST']>
2025-11-25 17:03:05 - httpcore.http11 - DEBUG - send_request_body.complete
2025-11-25 17:03:05 - httpcore.http11 - DEBUG - receive_response_headers.started request=<Request [b'POST']>
2025-11-25 17:03:15 - httpcore.http11 - DEBUG - receive_response_headers.complete return_value=(b'HTTP/1.1', 200, b'OK', [(b'Server', b'nginx/1.18.0'), (b'Date', b'Tue, 25 Nov 2025 14:03:15 GMT'), (b'Content-Type', b'application/json'), (b'Content-Length', b'23'), (b'Connection', b'keep-alive'), (b'Strict-Transport-Security', b'max-age=31536000; includeSubDomains; preload'), (b'Access-Control-Allow-Origin', b'*'), (b'Access-Control-Allow-Methods', b'GET, POST, OPTIONS'), (b'Access-Control-Expose-Headers', b'Content-Length,Content-Type,Date,Server,Connection')])
2025-11-25 17:03:15 - httpx - INFO - HTTP Request: POST https://api.telegram.org/bot8390337133:AAFUD2L3ny7kWSGNeWm-2-WvDh5BdsMNXdY/getUpdates "HTTP/1.1 200 OK"
2025-11-25 17:03:15 - httpcore.http11 - DEBUG - receive_response_body.started request=<Request [b'POST']>
2025-11-25 17:03:15 - httpcore.http11 - DEBUG - receive_response_body.complete
2025-11-25 17:03:15 - httpcore.http11 - DEBUG - response_closed.started
2025-11-25 17:03:15 - httpcore.http11 - DEBUG - response_closed.complete
2025-11-25 17:03:15 - telegram.ext.ExtBot - DEBUG - Call to Bot API endpoint `getUpdates` finished with return value `[]`
2025-11-25 17:03:15 - telegram.ext.ExtBot - DEBUG - No new updates found.
2025-11-25 17:03:15 - telegram.ext.ExtBot - DEBUG - Calling Bot API endpoint `getUpdates` with parameters `{'timeout': datetime.timedelta(seconds=10), 'offset': 0}`
2025-11-25 17:03:15 - httpcore.http11 - DEBUG - send_request_headers.started request=<Request [b'POST']>
2025-11-25 17:03:15 - httpcore.http11 - DEBUG - send_request_headers.complete
2025-11-25 17:03:15 - httpcore.http11 - DEBUG - send_request_body.started request=<Request [b'POST']>
2025-11-25 17:03:15 - httpcore.http11 - DEBUG - send_request_body.complete
2025-11-25 17:03:15 - httpcore.http11 - DEBUG - receive_response_headers.started request=<Request [b'POST']>
2025-11-25 17:03:25 - httpcore.http11 - DEBUG - receive_response_headers.complete return_value=(b'HTTP/1.1', 200, b'OK', [(b'Server', b'nginx/1.18.0'), (b'Date', b'Tue, 25 Nov 2025 14:03:25 GMT'), (b'Content-Type', b'application/json'), (b'Content-Length', b'23'), (b'Connection', b'keep-alive'), (b'Strict-Transport-Security', b'max-age=31536000; includeSubDomains; preload'), (b'Access-Control-Allow-Origin', b'*'), (b'Access-Control-Allow-Methods', b'GET, POST, OPTIONS'), (b'Access-Control-Expose-Headers', b'Content-Length,Content-Type,Date,Server,Connection')])
2025-11-25 17:03:25 - httpx - INFO - HTTP Request: POST https://api.telegram.org/bot8390337133:AAFUD2L3ny7kWSGNeWm-2-WvDh5BdsMNXdY/getUpdates "HTTP/1.1 200 OK"
2025-11-25 17:03:25 - httpcore.http11 - DEBUG - receive_response_body.started request=<Request [b'POST']>
2025-11-25 17:03:25 - httpcore.http11 - DEBUG - receive_response_body.complete
2025-11-25 17:03:25 - httpcore.http11 - DEBUG - response_closed.started
2025-11-25 17:03:25 - httpcore.http11 - DEBUG - response_closed.complete
2025-11-25 17:03:25 - telegram.ext.ExtBot - DEBUG - Call to Bot API endpoint `getUpdates` finished with return value `[]`
2025-11-25 17:03:25 - telegram.ext.ExtBot - DEBUG - No new updates found.
2025-11-25 17:03:25 - telegram.ext.ExtBot - DEBUG - Calling Bot API endpoint `getUpdates` with parameters `{'timeout': datetime.timedelta(seconds=10), 'offset': 0}`
2025-11-25 17:03:25 - httpcore.http11 - DEBUG - send_request_headers.started request=<Request [b'POST']>
2025-11-25 17:03:25 - httpcore.http11 - DEBUG - send_request_headers.complete
2025-11-25 17:03:25 - httpcore.http11 - DEBUG - send_request_body.started request=<Request [b'POST']>
2025-11-25 17:03:25 - httpcore.http11 - DEBUG - send_request_body.complete
2025-11-25 17:03:25 - httpcore.http11 - DEBUG - receive_response_headers.started request=<Request [b'POST']>
2025-11-25 17:03:35 - httpcore.http11 - DEBUG - receive_response_headers.complete return_value=(b'HTTP/1.1', 200, b'OK', [(b'Server', b'nginx/1.18.0'), (b'Date', b'Tue, 25 Nov 2025 14:03:35 GMT'), (b'Content-Type', b'application/json'), (b'Content-Length', b'23'), (b'Connection', b'keep-alive'), (b'Strict-Transport-Security', b'max-age=31536000; includeSubDomains; preload'), (b'Access-Control-Allow-Origin', b'*'), (b'Access-Control-Allow-Methods', b'GET, POST, OPTIONS'), (b'Access-Control-Expose-Headers', b'Content-Length,Content-Type,Date,Server,Connection')])
2025-11-25 17:03:35 - httpx - INFO - HTTP Request: POST https://api.telegram.org/bot8390337133:AAFUD2L3ny7kWSGNeWm-2-WvDh5BdsMNXdY/getUpdates "HTTP/1.1 200 OK"
2025-11-25 17:03:35 - httpcore.http11 - DEBUG - receive_response_body.started request=<Request [b'POST']>
2025-11-25 17:03:35 - httpcore.http11 - DEBUG - receive_response_body.complete
2025-11-25 17:03:35 - httpcore.http11 - DEBUG - response_closed.started
2025-11-25 17:03:35 - httpcore.http11 - DEBUG - response_closed.complete
2025-11-25 17:03:35 - telegram.ext.ExtBot - DEBUG - Call to Bot API endpoint `getUpdates` finished with return value `[]`
2025-11-25 17:03:35 - telegram.ext.ExtBot - DEBUG - No new updates found.
2025-11-25 17:03:35 - telegram.ext.ExtBot - DEBUG - Calling Bot API endpoint `getUpdates` with parameters `{'timeout': datetime.timedelta(seconds=10), 'offset': 0}`
2025-11-25 17:03:35 - httpcore.http11 - DEBUG - send_request_headers.started request=<Request [b'POST']>
2025-11-25 17:03:35 - httpcore.http11 - DEBUG - send_request_headers.complete
2025-11-25 17:03:35 - httpcore.http11 - DEBUG - send_request_body.started request=<Request [b'POST']>
2025-11-25 17:03:35 - httpcore.http11 - DEBUG - send_request_body.complete
2025-11-25 17:03:35 - httpcore.http11 - DEBUG - receive_response_headers.started request=<Request [b'POST']>
2025-11-25 17:03:45 - httpcore.http11 - DEBUG - receive_response_headers.complete return_value=(b'HTTP/1.1', 200, b'OK', [(b'Server', b'nginx/1.18.0'), (b'Date', b'Tue, 25 Nov 2025 14:03:46 GMT'), (b'Content-Type', b'application/json'), (b'Content-Length', b'23'), (b'Connection', b'keep-alive'), (b'Strict-Transport-Security', b'max-age=31536000; includeSubDomains; preload'), (b'Access-Control-Allow-Origin', b'*'), (b'Access-Control-Allow-Methods', b'GET, POST, OPTIONS'), (b'Access-Control-Expose-Headers', b'Content-Length,Content-Type,Date,Server,Connection')])
2025-11-25 17:03:45 - httpx - INFO - HTTP Request: POST https://api.telegram.org/bot8390337133:AAFUD2L3ny7kWSGNeWm-2-WvDh5BdsMNXdY/getUpdates "HTTP/1.1 200 OK"
2025-11-25 17:03:45 - httpcore.http11 - DEBUG - receive_response_body.started request=<Request [b'POST']>
2025-11-25 17:03:45 - httpcore.http11 - DEBUG - receive_response_body.complete
2025-11-25 17:03:45 - httpcore.http11 - DEBUG - response_closed.started
2025-11-25 17:03:45 - httpcore.http11 - DEBUG - response_closed.complete
2025-11-25 17:03:45 - telegram.ext.ExtBot - DEBUG - Call to Bot API endpoint `getUpdates` finished with return value `[]`
2025-11-25 17:03:45 - telegram.ext.ExtBot - DEBUG - No new updates found.
2025-11-25 17:03:45 - telegram.ext.ExtBot - DEBUG - Calling Bot API endpoint `getUpdates` with parameters `{'timeout': datetime.timedelta(seconds=10), 'offset': 0}`
2025-11-25 17:03:45 - httpcore.http11 - DEBUG - send_request_headers.started request=<Request [b'POST']>
2025-11-25 17:03:45 - httpcore.http11 - DEBUG - send_request_headers.complete
2025-11-25 17:03:45 - httpcore.http11 - DEBUG - send_request_body.started request=<Request [b'POST']>
2025-11-25 17:03:45 - httpcore.http11 - DEBUG - send_request_body.complete
2025-11-25 17:03:45 - httpcore.http11 - DEBUG - receive_response_headers.started request=<Request [b'POST']>
2025-11-25 17:03:51 - __main__ - INFO - 
Application is shutting down gracefully...
2025-11-25 17:03:51 - telegram.ext.Updater - DEBUG - Stopping Updater
2025-11-25 17:03:51 - telegram.ext.Updater - DEBUG - Waiting background polling task to finish up.
